----------------------------------------------------------------
        Layer (type)               Output Shape         Param #
================================================================
            Conv2d-1            [-1, 8, 28, 28]              80
       BatchNorm2d-2            [-1, 8, 28, 28]              16
           Dropout-3            [-1, 8, 28, 28]               0
            Conv2d-4           [-1, 12, 28, 28]             876
       BatchNorm2d-5           [-1, 12, 28, 28]              24
           Dropout-6           [-1, 12, 28, 28]               0
         MaxPool2d-7           [-1, 12, 14, 14]               0
            Conv2d-8           [-1, 16, 14, 14]           1,744
       BatchNorm2d-9           [-1, 16, 14, 14]              32
          Dropout-10           [-1, 16, 14, 14]               0
        MaxPool2d-11             [-1, 16, 7, 7]               0
           Linear-12                   [-1, 16]          12,560
           Linear-13                   [-1, 10]             170
================================================================
Total params: 15,502
Trainable params: 15,502
Non-trainable params: 0
----------------------------------------------------------------
Input size (MB): 0.00
Forward/backward pass size (MB): 0.45
Params size (MB): 0.06
Estimated Total Size (MB): 0.52
----------------------------------------------------------------

Epoch: 1
loss=0.035983856767416 batch_id=937: 100%|██████████| 938/938 [00:49<00:00, 18.96it/s]

Test set: Average loss: 0.0564, Accuracy: 9825/10000 (98.25%)


Epoch: 2
loss=0.03236023336648941 batch_id=937: 100%|██████████| 938/938 [00:49<00:00, 18.82it/s]

Test set: Average loss: 0.0479, Accuracy: 9858/10000 (98.58%)


Epoch: 3
loss=0.004368864465504885 batch_id=937: 100%|██████████| 938/938 [00:50<00:00, 18.63it/s]

Test set: Average loss: 0.0351, Accuracy: 9884/10000 (98.84%)


Epoch: 4
loss=0.13039158284664154 batch_id=937: 100%|██████████| 938/938 [00:49<00:00, 18.90it/s]

Test set: Average loss: 0.0349, Accuracy: 9889/10000 (98.89%)


Epoch: 5
loss=0.010016313754022121 batch_id=937: 100%|██████████| 938/938 [00:50<00:00, 18.67it/s]

Test set: Average loss: 0.0466, Accuracy: 9847/10000 (98.47%)


Epoch: 6
loss=0.002780395094305277 batch_id=937: 100%|██████████| 938/938 [00:50<00:00, 18.71it/s]

Test set: Average loss: 0.0291, Accuracy: 9909/10000 (99.09%)


Epoch: 7
loss=0.004058038350194693 batch_id=937: 100%|██████████| 938/938 [00:50<00:00, 18.71it/s]

Test set: Average loss: 0.0288, Accuracy: 9917/10000 (99.17%)


Epoch: 8
loss=0.010371488519012928 batch_id=937: 100%|██████████| 938/938 [00:50<00:00, 18.47it/s]

Test set: Average loss: 0.0330, Accuracy: 9896/10000 (98.96%)


Epoch: 9
loss=0.10470692813396454 batch_id=937: 100%|██████████| 938/938 [00:50<00:00, 18.51it/s]

Test set: Average loss: 0.0311, Accuracy: 9902/10000 (99.02%)


Epoch: 10
loss=0.045379914343357086 batch_id=937: 100%|██████████| 938/938 [00:50<00:00, 18.44it/s]

Test set: Average loss: 0.0283, Accuracy: 9917/10000 (99.17%)


Epoch: 11
loss=0.0009463254828006029 batch_id=937: 100%|██████████| 938/938 [00:50<00:00, 18.46it/s]

Test set: Average loss: 0.0214, Accuracy: 9941/10000 (99.41%)


Epoch: 12
loss=0.0015188397374004126 batch_id=937: 100%|██████████| 938/938 [00:50<00:00, 18.46it/s]

Test set: Average loss: 0.0231, Accuracy: 9927/10000 (99.27%)


Epoch: 13
loss=0.0017390907742083073 batch_id=937: 100%|██████████| 938/938 [00:50<00:00, 18.53it/s]

Test set: Average loss: 0.0235, Accuracy: 9929/10000 (99.29%)


Epoch: 14
loss=0.03451221436262131 batch_id=937: 100%|██████████| 938/938 [00:51<00:00, 18.23it/s]

Test set: Average loss: 0.0275, Accuracy: 9915/10000 (99.15%)


Epoch: 15
loss=0.0026293196715414524 batch_id=937: 100%|██████████| 938/938 [00:52<00:00, 18.02it/s]

Test set: Average loss: 0.0197, Accuracy: 9937/10000 (99.37%)


Epoch: 16
loss=0.002618226455524564 batch_id=937: 100%|██████████| 938/938 [00:52<00:00, 17.83it/s]

Test set: Average loss: 0.0211, Accuracy: 9937/10000 (99.37%)


Epoch: 17
loss=0.001707556308247149 batch_id=937: 100%|██████████| 938/938 [00:51<00:00, 18.11it/s]

Test set: Average loss: 0.0212, Accuracy: 9935/10000 (99.35%)


Epoch: 18
loss=0.062274396419525146 batch_id=937: 100%|██████████| 938/938 [00:51<00:00, 18.27it/s]

Test set: Average loss: 0.0193, Accuracy: 9941/10000 (99.41%)


Epoch: 19
loss=0.00782804936170578 batch_id=937: 100%|██████████| 938/938 [00:51<00:00, 18.09it/s]

Test set: Average loss: 0.0192, Accuracy: 9941/10000 (99.41%)